<?xml version="1.0" encoding="UTF-8"?>
<!-- Generated by org.testng.reporters.JUnitXMLReporter -->
<testsuite hostname="LAPTOP-MFPKMNTO" ignored="0" name="Default test" tests="3" failures="0" timestamp="01 Feb 2020 05:26:50 GMT" time="47.086" errors="0">
  <testcase name="createLeaf" time="2.73" classname="com.leafBot.testcases.TC001_LoginLogOut"/>
  <testcase name="createLeaf" time="3.094" classname="com.leafBot.testcases.TC001_LoginLogOut"/>
  <testcase name="createLeaf" time="2.799" classname="com.leafBot.testcases.TC001_LoginLogOut"/>
</testsuite> <!-- Default test -->
