<?xml version="1.0" encoding="UTF-8"?>
<testng-results skipped="0" failed="0" ignored="0" total="3" passed="3">
  <reporter-output>
  </reporter-output>
  <suite name="Default suite" duration-ms="47086" started-at="2020-02-01T05:26:03Z" finished-at="2020-02-01T05:26:50Z">
    <groups>
      <group name="cucumber">
        <method signature="AbstractTestNGCucumberTests.runScenario(cucumber.api.testng.PickleEventWrapper, cucumber.api.testng.CucumberFeatureWrapper)[pri:0, instance:com.leafBot.testcases.TC001_LoginLogOut@5a8e6209]" name="runScenario" class="cucumber.api.testng.AbstractTestNGCucumberTests"/>
      </group> <!-- cucumber -->
    </groups>
    <test name="Default test" duration-ms="47086" started-at="2020-02-01T05:26:03Z" finished-at="2020-02-01T05:26:50Z">
      <class name="com.leafBot.testcases.TC001_LoginLogOut">
        <test-method status="PASS" signature="startReport()[pri:0, instance:com.leafBot.testcases.TC001_LoginLogOut@5a8e6209]" name="startReport" is-config="true" duration-ms="463" started-at="2020-02-01T05:26:02Z" finished-at="2020-02-01T05:26:03Z">
          <reporter-output>
          </reporter-output>
        </test-method> <!-- startReport -->
        <test-method status="PASS" signature="setValues()[pri:0, instance:com.leafBot.testcases.TC001_LoginLogOut@5a8e6209]" name="setValues" is-config="true" duration-ms="0" started-at="2020-02-01T05:26:03Z" finished-at="2020-02-01T05:26:03Z">
          <reporter-output>
          </reporter-output>
        </test-method> <!-- setValues -->
        <test-method status="PASS" signature="setUpClass()[pri:0, instance:com.leafBot.testcases.TC001_LoginLogOut@5a8e6209]" name="setUpClass" is-config="true" duration-ms="147" started-at="2020-02-01T05:26:03Z" finished-at="2020-02-01T05:26:03Z">
          <reporter-output>
          </reporter-output>
        </test-method> <!-- setUpClass -->
        <test-method status="PASS" signature="report()[pri:0, instance:com.leafBot.testcases.TC001_LoginLogOut@5a8e6209]" name="report" is-config="true" duration-ms="11" started-at="2020-02-01T05:26:03Z" finished-at="2020-02-01T05:26:03Z">
          <reporter-output>
          </reporter-output>
        </test-method> <!-- report -->
        <test-method status="PASS" signature="beforeMethod()[pri:0, instance:com.leafBot.testcases.TC001_LoginLogOut@5a8e6209]" name="beforeMethod" is-config="true" duration-ms="11480" started-at="2020-02-01T05:26:04Z" finished-at="2020-02-01T05:26:15Z">
          <reporter-output>
          </reporter-output>
        </test-method> <!-- beforeMethod -->
        <test-method status="PASS" signature="createLeaf(java.lang.String, java.lang.String)[pri:0, instance:com.leafBot.testcases.TC001_LoginLogOut@5a8e6209]" name="createLeaf" duration-ms="2730" started-at="2020-02-01T05:26:15Z" data-provider="fetchData" finished-at="2020-02-01T05:26:18Z">
          <params>
            <param index="0">
              <value>
                <![CDATA[DemoSalesManager]]>
              </value>
            </param>
            <param index="1">
              <value>
                <![CDATA[crmsfa]]>
              </value>
            </param>
          </params>
          <reporter-output>
          </reporter-output>
        </test-method> <!-- createLeaf -->
        <test-method status="PASS" signature="afterMethod()[pri:0, instance:com.leafBot.testcases.TC001_LoginLogOut@5a8e6209]" name="afterMethod" is-config="true" duration-ms="125" started-at="2020-02-01T05:26:18Z" finished-at="2020-02-01T05:26:18Z">
          <reporter-output>
          </reporter-output>
        </test-method> <!-- afterMethod -->
        <test-method status="PASS" signature="beforeMethod()[pri:0, instance:com.leafBot.testcases.TC001_LoginLogOut@5a8e6209]" name="beforeMethod" is-config="true" duration-ms="10745" started-at="2020-02-01T05:26:18Z" finished-at="2020-02-01T05:26:29Z">
          <reporter-output>
          </reporter-output>
        </test-method> <!-- beforeMethod -->
        <test-method status="PASS" signature="createLeaf(java.lang.String, java.lang.String)[pri:0, instance:com.leafBot.testcases.TC001_LoginLogOut@5a8e6209]" name="createLeaf" duration-ms="3094" started-at="2020-02-01T05:26:29Z" data-provider="fetchData" finished-at="2020-02-01T05:26:32Z">
          <params>
            <param index="0">
              <value>
                <![CDATA[DemoCSR]]>
              </value>
            </param>
            <param index="1">
              <value>
                <![CDATA[crmsfa]]>
              </value>
            </param>
          </params>
          <reporter-output>
          </reporter-output>
        </test-method> <!-- createLeaf -->
        <test-method status="PASS" signature="afterMethod()[pri:0, instance:com.leafBot.testcases.TC001_LoginLogOut@5a8e6209]" name="afterMethod" is-config="true" duration-ms="111" started-at="2020-02-01T05:26:32Z" finished-at="2020-02-01T05:26:32Z">
          <reporter-output>
          </reporter-output>
        </test-method> <!-- afterMethod -->
        <test-method status="PASS" signature="beforeMethod()[pri:0, instance:com.leafBot.testcases.TC001_LoginLogOut@5a8e6209]" name="beforeMethod" is-config="true" duration-ms="10835" started-at="2020-02-01T05:26:32Z" finished-at="2020-02-01T05:26:43Z">
          <reporter-output>
          </reporter-output>
        </test-method> <!-- beforeMethod -->
        <test-method status="PASS" signature="createLeaf(java.lang.String, java.lang.String)[pri:0, instance:com.leafBot.testcases.TC001_LoginLogOut@5a8e6209]" name="createLeaf" duration-ms="2799" started-at="2020-02-01T05:26:43Z" data-provider="fetchData" finished-at="2020-02-01T05:26:46Z">
          <params>
            <param index="0">
              <value>
                <![CDATA[DemoCSR2]]>
              </value>
            </param>
            <param index="1">
              <value>
                <![CDATA[crmsfa]]>
              </value>
            </param>
          </params>
          <reporter-output>
          </reporter-output>
        </test-method> <!-- createLeaf -->
        <test-method status="PASS" signature="afterMethod()[pri:0, instance:com.leafBot.testcases.TC001_LoginLogOut@5a8e6209]" name="afterMethod" is-config="true" duration-ms="4080" started-at="2020-02-01T05:26:46Z" finished-at="2020-02-01T05:26:50Z">
          <reporter-output>
          </reporter-output>
        </test-method> <!-- afterMethod -->
        <test-method status="PASS" signature="tearDownClass()[pri:0, instance:com.leafBot.testcases.TC001_LoginLogOut@5a8e6209]" name="tearDownClass" is-config="true" duration-ms="14" started-at="2020-02-01T05:26:50Z" finished-at="2020-02-01T05:26:50Z">
          <reporter-output>
          </reporter-output>
        </test-method> <!-- tearDownClass -->
        <test-method status="PASS" signature="stopReport()[pri:0, instance:com.leafBot.testcases.TC001_LoginLogOut@5a8e6209]" name="stopReport" is-config="true" duration-ms="422" started-at="2020-02-01T05:26:50Z" finished-at="2020-02-01T05:26:50Z">
          <reporter-output>
          </reporter-output>
        </test-method> <!-- stopReport -->
      </class> <!-- com.leafBot.testcases.TC001_LoginLogOut -->
    </test> <!-- Default test -->
  </suite> <!-- Default suite -->
</testng-results>
